ERROR - 2022-07-05 01:34:59 --> Cannot add or update a child row: a foreign key constraint fails (`uas_apprt`.`iuran`, CONSTRAINT `iuran_ibfk_1` FOREIGN KEY (`warga_id`) REFERENCES `warga` (`warga_id`) ON DELETE CASCADE)
CRITICAL - 2022-07-05 01:34:59 --> Cannot add or update a child row: a foreign key constraint fails (`uas_apprt`.`iuran`, CONSTRAINT `iuran_ibfk_1` FOREIGN KEY (`warga_id`) REFERENCES `warga` (`warga_id`) ON DELETE CASCADE)
#0 C:\xampp\htdocs\UasPemrogramanWeb\ci4\system\Database\MySQLi\Connection.php(292): mysqli->query('INSERT INTO `iu...', 0)
#1 C:\xampp\htdocs\UasPemrogramanWeb\ci4\system\Database\BaseConnection.php(670): CodeIgniter\Database\MySQLi\Connection->execute('INSERT INTO `iu...')
#2 C:\xampp\htdocs\UasPemrogramanWeb\ci4\system\Database\BaseConnection.php(598): CodeIgniter\Database\BaseConnection->simpleQuery('INSERT INTO `iu...')
#3 C:\xampp\htdocs\UasPemrogramanWeb\ci4\system\Database\BaseBuilder.php(1771): CodeIgniter\Database\BaseConnection->query('INSERT INTO `iu...', Array, false)
#4 C:\xampp\htdocs\UasPemrogramanWeb\ci4\system\Model.php(239): CodeIgniter\Database\BaseBuilder->insert()
#5 C:\xampp\htdocs\UasPemrogramanWeb\ci4\system\BaseModel.php(738): CodeIgniter\Model->doInsert(Array)
#6 C:\xampp\htdocs\UasPemrogramanWeb\ci4\system\Model.php(625): CodeIgniter\BaseModel->insert(Array, true)
#7 C:\xampp\htdocs\UasPemrogramanWeb\ci4\app\Controllers\iuran.php(41): CodeIgniter\Model->insert(Array)
#8 C:\xampp\htdocs\UasPemrogramanWeb\ci4\system\CodeIgniter.php(832): App\Controllers\iuran->add()
#9 C:\xampp\htdocs\UasPemrogramanWeb\ci4\system\CodeIgniter.php(419): CodeIgniter\CodeIgniter->runController(Object(App\Controllers\iuran))
#10 C:\xampp\htdocs\UasPemrogramanWeb\ci4\system\CodeIgniter.php(326): CodeIgniter\CodeIgniter->handleRequest(NULL, Object(Config\Cache), false)
#11 C:\xampp\htdocs\UasPemrogramanWeb\ci4\public\index.php(37): CodeIgniter\CodeIgniter->run()
#12 C:\xampp\htdocs\UasPemrogramanWeb\ci4\system\Commands\Server\rewrite.php(43): require_once('C:\\xampp\\htdocs...')
#13 {main}
ERROR - 2022-07-05 01:36:23 --> Cannot add or update a child row: a foreign key constraint fails (`uas_apprt`.`iuran`, CONSTRAINT `iuran_ibfk_1` FOREIGN KEY (`warga_id`) REFERENCES `warga` (`warga_id`) ON DELETE CASCADE)
CRITICAL - 2022-07-05 01:36:23 --> Cannot add or update a child row: a foreign key constraint fails (`uas_apprt`.`iuran`, CONSTRAINT `iuran_ibfk_1` FOREIGN KEY (`warga_id`) REFERENCES `warga` (`warga_id`) ON DELETE CASCADE)
#0 C:\xampp\htdocs\UasPemrogramanWeb\ci4\system\Database\MySQLi\Connection.php(292): mysqli->query('INSERT INTO `iu...', 0)
#1 C:\xampp\htdocs\UasPemrogramanWeb\ci4\system\Database\BaseConnection.php(670): CodeIgniter\Database\MySQLi\Connection->execute('INSERT INTO `iu...')
#2 C:\xampp\htdocs\UasPemrogramanWeb\ci4\system\Database\BaseConnection.php(598): CodeIgniter\Database\BaseConnection->simpleQuery('INSERT INTO `iu...')
#3 C:\xampp\htdocs\UasPemrogramanWeb\ci4\system\Database\BaseBuilder.php(1771): CodeIgniter\Database\BaseConnection->query('INSERT INTO `iu...', Array, false)
#4 C:\xampp\htdocs\UasPemrogramanWeb\ci4\system\Model.php(239): CodeIgniter\Database\BaseBuilder->insert()
#5 C:\xampp\htdocs\UasPemrogramanWeb\ci4\system\BaseModel.php(738): CodeIgniter\Model->doInsert(Array)
#6 C:\xampp\htdocs\UasPemrogramanWeb\ci4\system\Model.php(625): CodeIgniter\BaseModel->insert(Array, true)
#7 C:\xampp\htdocs\UasPemrogramanWeb\ci4\app\Controllers\iuran.php(41): CodeIgniter\Model->insert(Array)
#8 C:\xampp\htdocs\UasPemrogramanWeb\ci4\system\CodeIgniter.php(832): App\Controllers\iuran->add()
#9 C:\xampp\htdocs\UasPemrogramanWeb\ci4\system\CodeIgniter.php(419): CodeIgniter\CodeIgniter->runController(Object(App\Controllers\iuran))
#10 C:\xampp\htdocs\UasPemrogramanWeb\ci4\system\CodeIgniter.php(326): CodeIgniter\CodeIgniter->handleRequest(NULL, Object(Config\Cache), false)
#11 C:\xampp\htdocs\UasPemrogramanWeb\ci4\public\index.php(37): CodeIgniter\CodeIgniter->run()
#12 C:\xampp\htdocs\UasPemrogramanWeb\ci4\system\Commands\Server\rewrite.php(43): require_once('C:\\xampp\\htdocs...')
#13 {main}
ERROR - 2022-07-05 01:40:07 --> Cannot add or update a child row: a foreign key constraint fails (`uas_apprt`.`iuran`, CONSTRAINT `iuran_ibfk_1` FOREIGN KEY (`warga_id`) REFERENCES `warga` (`warga_id`) ON DELETE CASCADE)
CRITICAL - 2022-07-05 01:40:07 --> Cannot add or update a child row: a foreign key constraint fails (`uas_apprt`.`iuran`, CONSTRAINT `iuran_ibfk_1` FOREIGN KEY (`warga_id`) REFERENCES `warga` (`warga_id`) ON DELETE CASCADE)
#0 C:\xampp\htdocs\UasPemrogramanWeb\ci4\system\Database\MySQLi\Connection.php(292): mysqli->query('INSERT INTO `iu...', 0)
#1 C:\xampp\htdocs\UasPemrogramanWeb\ci4\system\Database\BaseConnection.php(670): CodeIgniter\Database\MySQLi\Connection->execute('INSERT INTO `iu...')
#2 C:\xampp\htdocs\UasPemrogramanWeb\ci4\system\Database\BaseConnection.php(598): CodeIgniter\Database\BaseConnection->simpleQuery('INSERT INTO `iu...')
#3 C:\xampp\htdocs\UasPemrogramanWeb\ci4\system\Database\BaseBuilder.php(1771): CodeIgniter\Database\BaseConnection->query('INSERT INTO `iu...', Array, false)
#4 C:\xampp\htdocs\UasPemrogramanWeb\ci4\system\Model.php(239): CodeIgniter\Database\BaseBuilder->insert()
#5 C:\xampp\htdocs\UasPemrogramanWeb\ci4\system\BaseModel.php(738): CodeIgniter\Model->doInsert(Array)
#6 C:\xampp\htdocs\UasPemrogramanWeb\ci4\system\Model.php(625): CodeIgniter\BaseModel->insert(Array, true)
#7 C:\xampp\htdocs\UasPemrogramanWeb\ci4\app\Controllers\iuran.php(41): CodeIgniter\Model->insert(Array)
#8 C:\xampp\htdocs\UasPemrogramanWeb\ci4\system\CodeIgniter.php(832): App\Controllers\iuran->add()
#9 C:\xampp\htdocs\UasPemrogramanWeb\ci4\system\CodeIgniter.php(419): CodeIgniter\CodeIgniter->runController(Object(App\Controllers\iuran))
#10 C:\xampp\htdocs\UasPemrogramanWeb\ci4\system\CodeIgniter.php(326): CodeIgniter\CodeIgniter->handleRequest(NULL, Object(Config\Cache), false)
#11 C:\xampp\htdocs\UasPemrogramanWeb\ci4\public\index.php(37): CodeIgniter\CodeIgniter->run()
#12 C:\xampp\htdocs\UasPemrogramanWeb\ci4\system\Commands\Server\rewrite.php(43): require_once('C:\\xampp\\htdocs...')
#13 {main}
ERROR - 2022-07-05 09:06:51 --> Cannot add or update a child row: a foreign key constraint fails (`uas_apprt`.`iuran`, CONSTRAINT `iuran_ibfk_1` FOREIGN KEY (`warga_id`) REFERENCES `warga` (`warga_id`) ON DELETE CASCADE ON UPDATE CASCADE)
CRITICAL - 2022-07-05 09:06:51 --> Cannot add or update a child row: a foreign key constraint fails (`uas_apprt`.`iuran`, CONSTRAINT `iuran_ibfk_1` FOREIGN KEY (`warga_id`) REFERENCES `warga` (`warga_id`) ON DELETE CASCADE ON UPDATE CASCADE)
#0 C:\xampp\htdocs\UasPemrogramanWeb\ci4\system\Database\MySQLi\Connection.php(292): mysqli->query('INSERT INTO `iu...', 0)
#1 C:\xampp\htdocs\UasPemrogramanWeb\ci4\system\Database\BaseConnection.php(670): CodeIgniter\Database\MySQLi\Connection->execute('INSERT INTO `iu...')
#2 C:\xampp\htdocs\UasPemrogramanWeb\ci4\system\Database\BaseConnection.php(598): CodeIgniter\Database\BaseConnection->simpleQuery('INSERT INTO `iu...')
#3 C:\xampp\htdocs\UasPemrogramanWeb\ci4\system\Database\BaseBuilder.php(1771): CodeIgniter\Database\BaseConnection->query('INSERT INTO `iu...', Array, false)
#4 C:\xampp\htdocs\UasPemrogramanWeb\ci4\system\Model.php(239): CodeIgniter\Database\BaseBuilder->insert()
#5 C:\xampp\htdocs\UasPemrogramanWeb\ci4\system\BaseModel.php(738): CodeIgniter\Model->doInsert(Array)
#6 C:\xampp\htdocs\UasPemrogramanWeb\ci4\system\Model.php(625): CodeIgniter\BaseModel->insert(Array, true)
#7 C:\xampp\htdocs\UasPemrogramanWeb\ci4\app\Controllers\iuran.php(41): CodeIgniter\Model->insert(Array)
#8 C:\xampp\htdocs\UasPemrogramanWeb\ci4\system\CodeIgniter.php(832): App\Controllers\iuran->add()
#9 C:\xampp\htdocs\UasPemrogramanWeb\ci4\system\CodeIgniter.php(419): CodeIgniter\CodeIgniter->runController(Object(App\Controllers\iuran))
#10 C:\xampp\htdocs\UasPemrogramanWeb\ci4\system\CodeIgniter.php(326): CodeIgniter\CodeIgniter->handleRequest(NULL, Object(Config\Cache), false)
#11 C:\xampp\htdocs\UasPemrogramanWeb\ci4\public\index.php(37): CodeIgniter\CodeIgniter->run()
#12 C:\xampp\htdocs\UasPemrogramanWeb\ci4\system\Commands\Server\rewrite.php(43): require_once('C:\\xampp\\htdocs...')
#13 {main}
